<?xml version="1.0" encoding="UTF-8"?>
<!-- Generated by org.testng.reporters.JUnitReportReporter -->
<testsuite skipped="0" hostname="SMT-CPU-152" name="com.smarteinc.utility.ReverseString" tests="1" failures="0" timestamp="20 Nov 2020 12:59:30 GMT" time="0.031" errors="0">
  <testcase name="main" time="0.031" classname="com.smarteinc.utility.ReverseString"/>
</testsuite> <!-- com.smarteinc.utility.ReverseString -->
