<?xml version="1.0" encoding="UTF-8"?>
<!-- Generated by org.testng.reporters.JUnitReportReporter -->
<testsuite skipped="0" hostname="SMT-CPU-152" name="com.smarteinc.api.tests.PEApiExecutionWithCSVTest" tests="1" failures="0" timestamp="18 Dec 2020 10:49:59 GMT" time="3.198" errors="0">
  <testcase name="readCSV" time="3.198" classname="com.smarteinc.api.tests.PEApiExecutionWithCSVTest"/>
</testsuite> <!-- com.smarteinc.api.tests.PEApiExecutionWithCSVTest -->
