<?xml version="1.0" encoding="UTF-8"?>
<!-- Generated by org.testng.reporters.JUnitReportReporter -->
<testsuite skipped="0" hostname="SMT-LAP-053" name="com.smarteinc.api.tests.PEAPI_Modes" tests="1" failures="0" timestamp="23 Jun 2020 13:22:27 GMT" time="5.369" errors="0">
  <testcase name="TestPEAPI_WithMode" time="5.369" classname="com.smarteinc.api.tests.PEAPI_Modes"/>
</testsuite> <!-- com.smarteinc.api.tests.PEAPI_Modes -->
